<?xml version="1.0" encoding="UTF-8"?>
<!-- Generated by org.testng.reporters.JUnitXMLReporter -->
<testsuite ignored="2" hostname="DESKTOP-8NV26B0" failures="1" tests="140" name="Test" time="1810.947" errors="0" timestamp="2023-11-15T01:50:55 IST">
  <testcase classname="coterie.TestFiles.RegUserScenario_MultipleDataSet" name="regUserScenario" time="186.969"/>
  <testcase classname="coterie.TestFiles.RegUserScenario_MultipleDataSet" name="regUserScenario" time="69.607">
    <failure type="java.lang.AssertionError" message="Unexpected error while clicking the Hamburger icon in Home/Landing Page: stale element reference: stale element not found
  (Session info: chrome=119.0.6045.124)
For documentation on this error, please visit: https://www.selenium.dev/documentation/webdriver/troubleshooting/errors#stale-element-reference-exception
Build info: version: &amp;apos;4.13.0&amp;apos;, revision: &amp;apos;ba948ece5b*&amp;apos;
System info: os.name: &amp;apos;Windows 10&amp;apos;, os.arch: &amp;apos;amd64&amp;apos;, os.version: &amp;apos;10.0&amp;apos;, java.version: &amp;apos;17.0.8.1&amp;apos;
Driver info: org.openqa.selenium.chrome.ChromeDriver
Command: [2f9b6d622ea6ae1456172882493dd86d, isElementDisplayed {id=DD112E3F64B093335523567871EA97A5_element_101}]
Capabilities {acceptInsecureCerts: false, browserName: chrome, browserVersion: 119.0.6045.124, chrome: {chromedriverVersion: 119.0.6045.105 (38c72552c5e..., userDataDir: C:\Users\Desktop\AppData\Lo...}, fedcm:accounts: true, goog:chromeOptions: {debuggerAddress: localhost:51702}, networkConnectionEnabled: false, pageLoadStrategy: normal, platformName: windows, proxy: Proxy(), se:cdp: ws://localhost:51702/devtoo..., se:cdpVersion: 119.0.6045.124, setWindowRect: true, strictFileInteractability: false, timeouts: {implicit: 0, pageLoad: 300000, script: 30000}, unhandledPromptBehavior: dismiss and notify, webauthn:extension:credBlob: true, webauthn:extension:largeBlob: true, webauthn:extension:minPinLength: true, webauthn:extension:prf: true, webauthn:virtualAuthenticators: true}
Element: [[ChromeDriver: chrome on windows (2f9b6d622ea6ae1456172882493dd86d)] -&amp;gt; xpath: //div[contains(@class,&amp;apos;pdpContainer&amp;apos;)]/div[1]/div[4]/div/div[2]]
Session ID: 2f9b6d622ea6ae1456172882493dd86d">
      <![CDATA[java.lang.AssertionError: Unexpected error while clicking the Hamburger icon in Home/Landing Page: stale element reference: stale element not found
  (Session info: chrome=119.0.6045.124)
For documentation on this error, please visit: https://www.selenium.dev/documentation/webdriver/troubleshooting/errors#stale-element-reference-exception
Build info: version: '4.13.0', revision: 'ba948ece5b*'
System info: os.name: 'Windows 10', os.arch: 'amd64', os.version: '10.0', java.version: '17.0.8.1'
Driver info: org.openqa.selenium.chrome.ChromeDriver
Command: [2f9b6d622ea6ae1456172882493dd86d, isElementDisplayed {id=DD112E3F64B093335523567871EA97A5_element_101}]
Capabilities {acceptInsecureCerts: false, browserName: chrome, browserVersion: 119.0.6045.124, chrome: {chromedriverVersion: 119.0.6045.105 (38c72552c5e..., userDataDir: C:\Users\Desktop\AppData\Lo...}, fedcm:accounts: true, goog:chromeOptions: {debuggerAddress: localhost:51702}, networkConnectionEnabled: false, pageLoadStrategy: normal, platformName: windows, proxy: Proxy(), se:cdp: ws://localhost:51702/devtoo..., se:cdpVersion: 119.0.6045.124, setWindowRect: true, strictFileInteractability: false, timeouts: {implicit: 0, pageLoad: 300000, script: 30000}, unhandledPromptBehavior: dismiss and notify, webauthn:extension:credBlob: true, webauthn:extension:largeBlob: true, webauthn:extension:minPinLength: true, webauthn:extension:prf: true, webauthn:virtualAuthenticators: true}
Element: [[ChromeDriver: chrome on windows (2f9b6d622ea6ae1456172882493dd86d)] -> xpath: //div[contains(@class,'pdpContainer')]/div[1]/div[4]/div/div[2]]
Session ID: 2f9b6d622ea6ae1456172882493dd86d
at coterie.TestFiles.RegUserScenario_MultipleDataSet.regUserScenario(RegUserScenario_MultipleDataSet.java:222)
at java.base/java.util.ArrayList.forEach(ArrayList.java:1511)
... Removed 28 stack frames]]>
    </failure>
  </testcase> <!-- regUserScenario -->
  <testcase classname="coterie.TestFiles.RegUserScenario_MultipleDataSet" name="regUserScenario" time="175.571"/>
  <testcase classname="coterie.TestFiles.UnregUserQB_MultipleDataSet" name="unRegUserQB" time="160.341"/>
  <testcase classname="coterie.TestFiles.UnregUserQB_MultipleDataSet" name="unRegUserQB" time="130.537"/>
  <testcase classname="coterie.TestFiles.UnregUserQB_MultipleDataSet" name="unRegUserQB" time="170.732"/>
  <testcase classname="coterie.TestFiles.RegUsrQB" name="invokeApplication" time="2.09"/>
  <testcase classname="coterie.TestFiles.RegUsrQB" name="titleValLandingPage" time="2.023"/>
  <testcase classname="coterie.TestFiles.RegUsrQB" name="hbIconClickHome" time="4.262"/>
  <testcase classname="coterie.TestFiles.RegUsrQB" name="usrIconClick" time="2.1"/>
  <testcase classname="coterie.TestFiles.RegUsrQB" name="titleValLogInPage" time="5.026"/>
  <testcase classname="coterie.TestFiles.RegUsrQB" name="logInUserName" time="6.733"/>
  <testcase classname="coterie.TestFiles.RegUsrQB" name="logInUserName" time="6.674"/>
  <testcase classname="coterie.TestFiles.RegUsrQB" name="logInPassWord" time="6.555"/>
  <testcase classname="coterie.TestFiles.RegUsrQB" name="titleValUserDBPage" time="5.015"/>
  <testcase classname="coterie.TestFiles.RegUsrQB" name="homePageNav" time="0.495"/>
  <testcase classname="coterie.TestFiles.RegUsrQB" name="quickBuyClick" time="2.277"/>
  <testcase classname="coterie.TestFiles.RegUsrQB" name="addDiaper" time="2.334"/>
  <testcase classname="coterie.TestFiles.RegUsrQB" name="addPant" time="1.844"/>
  <testcase classname="coterie.TestFiles.RegUsrQB" name="addWipe" time="1.44"/>
  <testcase classname="coterie.TestFiles.RegUsrQB" name="costVal" time="0.231"/>
  <testcase classname="coterie.TestFiles.RegUsrQB" name="checkOut" time="2.556"/>
  <testcase classname="coterie.TestFiles.RegUsrQB" name="titleValInfoPage" time="9.515"/>
  <testcase classname="coterie.TestFiles.RegUsrQB" name="productDetails" time="0.237"/>
  <testcase classname="coterie.TestFiles.RegUsrQB" name="totalPriceVal" time="0.328"/>
  <testcase classname="coterie.TestFiles.RegUsrQB" name="contactInfoSubmission" time="20.456"/>
  <testcase classname="coterie.TestFiles.RegUsrQB" name="titleValShippingPage" time="2.015"/>
  <testcase classname="coterie.TestFiles.RegUsrQB" name="continuePaymentPage" time="12.087"/>
  <testcase classname="coterie.TestFiles.RegUsrQB" name="titleValPaymentPage" time="2.026"/>
  <testcase classname="coterie.TestFiles.RegUsrQB" name="ccPayment" time="0.859"/>
  <testcase classname="coterie.TestFiles.RegUsrQB" name="payNow" time="0.947"/>
  <testcase classname="coterie.TestFiles.RegUsrQB" name="titleValOCPage" time="11.31"/>
  <testcase classname="coterie.TestFiles.RegUsrQB" name="orderSubmissionVal" time="0.185"/>
  <testcase classname="coterie.TestFiles.RegUsrQB" name="AssertAll" time="0.002"/>
  <testcase classname="coterie.TestFiles.UnRegQB" name="invokeApplication" time="30.162"/>
  <testcase classname="coterie.TestFiles.UnRegQB" name="titleValLandingPage" time="2.246"/>
  <testcase classname="coterie.TestFiles.UnRegQB" name="quickBuyClick" time="2.287"/>
  <testcase classname="coterie.TestFiles.UnRegQB" name="addDiaper" time="2.385"/>
  <testcase classname="coterie.TestFiles.UnRegQB" name="addPant" time="1.973"/>
  <testcase classname="coterie.TestFiles.UnRegQB" name="addWipe" time="1.364"/>
  <testcase classname="coterie.TestFiles.UnRegQB" name="costVal" time="0.252"/>
  <testcase classname="coterie.TestFiles.UnRegQB" name="checkOut" time="16.889"/>
  <testcase classname="coterie.TestFiles.UnRegQB" name="titleValInfoPage" time="2.02"/>
  <testcase classname="coterie.TestFiles.UnRegQB" name="addressData" time="0.646"/>
  <testcase classname="coterie.TestFiles.UnRegQB" name="productDetails" time="0.294"/>
  <testcase classname="coterie.TestFiles.UnRegQB" name="totalPriceVal" time="0.329"/>
  <testcase classname="coterie.TestFiles.UnRegQB" name="contactInfoSubmission" time="17.585"/>
  <testcase classname="coterie.TestFiles.UnRegQB" name="titleValShippingPage" time="2.031"/>
  <testcase classname="coterie.TestFiles.UnRegQB" name="continuePaymentPage" time="13.097"/>
  <testcase classname="coterie.TestFiles.UnRegQB" name="titleValPaymentPage" time="2.022"/>
  <testcase classname="coterie.TestFiles.UnRegQB" name="ccPayment" time="0.83"/>
  <testcase classname="coterie.TestFiles.UnRegQB" name="payNow" time="0.93"/>
  <testcase classname="coterie.TestFiles.UnRegQB" name="titleValOCPage" time="25.295"/>
  <testcase classname="coterie.TestFiles.UnRegQB" name="orderSubmissionVal" time="0.206"/>
  <testcase classname="coterie.TestFiles.UnRegQB" name="AssertAll" time="0.001"/>
  <testcase classname="coterie.TestFiles.UnRegUserScenario" name="invokeApplication" time="24.772"/>
  <testcase classname="coterie.TestFiles.UnRegUserScenario" name="titleValLandingPage" time="2.013"/>
  <testcase classname="coterie.TestFiles.UnRegUserScenario" name="hbIconClick" time="4.144"/>
  <testcase classname="coterie.TestFiles.UnRegUserScenario" name="navmenu_Diaper_Select" time="2.322"/>
  <testcase classname="coterie.TestFiles.UnRegUserScenario" name="titleValDiaperPage" time="2.021"/>
  <testcase classname="coterie.TestFiles.UnRegUserScenario" name="diaper_addCart" time="12.057"/>
  <testcase classname="coterie.TestFiles.UnRegUserScenario" name="titleValPantPage" time="2.023"/>
  <testcase classname="coterie.TestFiles.UnRegUserScenario" name="pant_addCart" time="11.909"/>
  <testcase classname="coterie.TestFiles.UnRegUserScenario" name="titleValWipePage" time="2.027"/>
  <testcase classname="coterie.TestFiles.UnRegUserScenario" name="wipe_addCart" time="11.66"/>
  <testcase classname="coterie.TestFiles.UnRegUserScenario" name="nbGift_addCart" time="11.183"/>
  <testcase classname="coterie.TestFiles.UnRegUserScenario" name="titleValcaraaBagPage" time="2.015"/>
  <testcase classname="coterie.TestFiles.UnRegUserScenario" name="caraaBag_addCart" time="11.086"/>
  <testcase classname="coterie.TestFiles.UnRegUserScenario" name="titleValmerchPage" time="2.322"/>
  <testcase classname="coterie.TestFiles.UnRegUserScenario" name="merch_ClassicalCap_Select" time="2.651"/>
  <testcase classname="coterie.TestFiles.UnRegUserScenario" name="titleValClassicCapPage" time="2.026"/>
  <testcase classname="coterie.TestFiles.UnRegUserScenario" name="merch_ClassicalCap_addCart" time="11.644"/>
  <testcase classname="coterie.TestFiles.UnRegUserScenario" name="merch_CrewNeck_Select" time="2.916"/>
  <testcase classname="coterie.TestFiles.UnRegUserScenario" name="titleValCrewNeckPage" time="2.017"/>
  <testcase classname="coterie.TestFiles.UnRegUserScenario" name="merch_CrewNeck_addCart" time="11.787"/>
  <testcase classname="coterie.TestFiles.UnRegUserScenario" name="merch_Tode_Select" time="2.794"/>
  <testcase classname="coterie.TestFiles.UnRegUserScenario" name="titleValTotePage" time="2.027"/>
  <testcase classname="coterie.TestFiles.UnRegUserScenario" name="merch_Totte_addCart" time="11.276"/>
  <testcase classname="coterie.TestFiles.UnRegUserScenario" name="merch_ArtPrint_Select" time="2.913"/>
  <testcase classname="coterie.TestFiles.UnRegUserScenario" name="titleValAPPage" time="2.019"/>
  <testcase classname="coterie.TestFiles.UnRegUserScenario" name="merch_ArtPrint_addCart" time="27.291"/>
  <testcase classname="coterie.TestFiles.UnRegUserScenario" name="titleValInfoPage" time="28.916"/>
  <testcase classname="coterie.TestFiles.UnRegUserScenario" name="addressData" time="0.739"/>
  <testcase classname="coterie.TestFiles.UnRegUserScenario" name="productDetails" time="0.886"/>
  <testcase classname="coterie.TestFiles.UnRegUserScenario" name="totalPriceVal" time="0.819"/>
  <testcase classname="coterie.TestFiles.UnRegUserScenario" name="contactInfoSubmission" time="34.657"/>
  <testcase classname="coterie.TestFiles.UnRegUserScenario" name="titleValShippingPage" time="2.018"/>
  <testcase classname="coterie.TestFiles.UnRegUserScenario" name="continuePaymentPage" time="27.483"/>
  <testcase classname="coterie.TestFiles.UnRegUserScenario" name="titleValPaymentPage" time="2.023"/>
  <testcase classname="coterie.TestFiles.UnRegUserScenario" name="ccPayment" time="0.851"/>
  <testcase classname="coterie.TestFiles.UnRegUserScenario" name="payNow" time="0.569"/>
  <testcase classname="coterie.TestFiles.UnRegUserScenario" name="titleValOCPage" time="25.197"/>
  <testcase classname="coterie.TestFiles.UnRegUserScenario" name="orderSubmissionVal" time="0.191"/>
  <testcase classname="coterie.TestFiles.UnRegUserScenario" name="AssertAll" time="0.001"/>
  <testcase classname="coterie.TestFiles.RegUserScenario" name="invokeApplication" time="22.786"/>
  <testcase classname="coterie.TestFiles.RegUserScenario" name="titleValLandingPage" time="2.021"/>
  <testcase classname="coterie.TestFiles.RegUserScenario" name="hbIconClickHome" time="4.124"/>
  <testcase classname="coterie.TestFiles.RegUserScenario" name="usrIconClick" time="2.284"/>
  <testcase classname="coterie.TestFiles.RegUserScenario" name="titleValLogInPage" time="5.025"/>
  <testcase classname="coterie.TestFiles.RegUserScenario" name="logInUserName" time="6.812"/>
  <testcase classname="coterie.TestFiles.RegUserScenario" name="logInUserName" time="6.679"/>
  <testcase classname="coterie.TestFiles.RegUserScenario" name="logInPassWord" time="6.583"/>
  <testcase classname="coterie.TestFiles.RegUserScenario" name="titleValUserDBPage" time="25.659"/>
  <testcase classname="coterie.TestFiles.RegUserScenario" name="homePageNav" time="0.426"/>
  <testcase classname="coterie.TestFiles.RegUserScenario" name="hbIconClick" time="4.109"/>
  <testcase classname="coterie.TestFiles.RegUserScenario" name="navmenu_Diaper_Select" time="2.292"/>
  <testcase classname="coterie.TestFiles.RegUserScenario" name="titleValDiaperPage" time="2.016"/>
  <testcase classname="coterie.TestFiles.RegUserScenario" name="diaper_addCart" time="12.102"/>
  <testcase classname="coterie.TestFiles.RegUserScenario" name="titleValPantPage" time="2.013"/>
  <testcase classname="coterie.TestFiles.RegUserScenario" name="pant_addCart" time="12.129"/>
  <testcase classname="coterie.TestFiles.RegUserScenario" name="titleValWipePage" time="2.017"/>
  <testcase classname="coterie.TestFiles.RegUserScenario" name="wipe_addCart" time="11.713"/>
  <testcase classname="coterie.TestFiles.RegUserScenario" name="nbGift_addCart" time="11.199"/>
  <testcase classname="coterie.TestFiles.RegUserScenario" name="titleValcaraaBagPage" time="2.018"/>
  <testcase classname="coterie.TestFiles.RegUserScenario" name="caraaBag_addCart" time="11.192"/>
  <testcase classname="coterie.TestFiles.RegUserScenario" name="titleValmerchPage" time="2.332"/>
  <testcase classname="coterie.TestFiles.RegUserScenario" name="merch_ClassicalCap_Select" time="2.644"/>
  <testcase classname="coterie.TestFiles.RegUserScenario" name="titleValClassicCapPage" time="2.022"/>
  <testcase classname="coterie.TestFiles.RegUserScenario" name="merch_ClassicalCap_addCart" time="11.803"/>
  <testcase classname="coterie.TestFiles.RegUserScenario" name="merch_CrewNeck_Select" time="2.921"/>
  <testcase classname="coterie.TestFiles.RegUserScenario" name="titleValCrewNeckPage" time="2.009"/>
  <testcase classname="coterie.TestFiles.RegUserScenario" name="merch_CrewNeck_addCart" time="11.796"/>
  <testcase classname="coterie.TestFiles.RegUserScenario" name="merch_Tode_Select" time="2.868"/>
  <testcase classname="coterie.TestFiles.RegUserScenario" name="titleValTotePage" time="2.017"/>
  <testcase classname="coterie.TestFiles.RegUserScenario" name="merch_Totte_addCart" time="11.169"/>
  <testcase classname="coterie.TestFiles.RegUserScenario" name="merch_ArtPrint_Select" time="2.976"/>
  <testcase classname="coterie.TestFiles.RegUserScenario" name="titleValAPPage" time="2.012"/>
  <testcase classname="coterie.TestFiles.RegUserScenario" name="merch_ArtPrint_addCart" time="27.419"/>
  <testcase classname="coterie.TestFiles.RegUserScenario" name="titleValInfoPage" time="29.222"/>
  <testcase classname="coterie.TestFiles.RegUserScenario" name="productDetails" time="0.877"/>
  <testcase classname="coterie.TestFiles.RegUserScenario" name="totalPriceVal" time="0.874"/>
  <testcase classname="coterie.TestFiles.RegUserScenario" name="contactInfoSubmission" time="35.52"/>
  <testcase classname="coterie.TestFiles.RegUserScenario" name="titleValShippingPage" time="2.03"/>
  <testcase classname="coterie.TestFiles.RegUserScenario" name="continuePaymentPage" time="27.183"/>
  <testcase classname="coterie.TestFiles.RegUserScenario" name="titleValPaymentPage" time="2.038"/>
  <testcase classname="coterie.TestFiles.RegUserScenario" name="ccPayment" time="0.889"/>
  <testcase classname="coterie.TestFiles.RegUserScenario" name="payNow" time="0.582"/>
  <testcase classname="coterie.TestFiles.RegUserScenario" name="titleValOCPage" time="25.405"/>
  <testcase classname="coterie.TestFiles.RegUserScenario" name="orderSubmissionVal" time="0.308"/>
  <testcase classname="coterie.TestFiles.RegUserScenario" name="AssertAll" time="0.003"/>
  <testcase classname="coterie.TestFiles.UnRegUserScenario" name="titleValnbGiftPage" time="0.0">
    <ignored/>
  </testcase> <!-- titleValnbGiftPage -->
  <testcase classname="coterie.TestFiles.RegUserScenario" name="titleValnbGiftPage" time="0.0">
    <ignored/>
  </testcase> <!-- titleValnbGiftPage -->
</testsuite> <!-- Test -->
